<?xml version="1.0" encoding="UTF-8"?>
<!-- Generated by org.testng.reporters.JUnitXMLReporter -->
<testsuite ignored="0" hostname="DESKTOP-743HSU8" failures="0" tests="3" name="Default test" time="64.243" errors="0" timestamp="2026-09-01T20:47:52 IST">
  <testcase classname="Module_1_CPOV_Test_Classes.FCA_Test_Class" name="VerifytheHomePage" time="23.043"/>
  <testcase classname="Module_1_CPOV_Test_Classes.FCA_Test_Class" name="VerifytheSNIPage" time="14.345"/>
  <testcase classname="Module_1_CPOV_Test_Classes.FCA_Test_Class" name="verfiytheVDP" time="20.631"/>
</testsuite> <!-- Default test -->
