<?xml version="1.0" encoding="UTF-8"?>
<!-- Generated by org.testng.reporters.JUnitXMLReporter -->
<testsuite ignored="0" hostname="DESKTOP-743HSU8" failures="3" tests="3" name="Test_Firefox" time="22.751" errors="0" timestamp="2026-09-13T16:28:59 IST">
  <testcase classname="Module_1_CPOV_Test_Classes.FCA_Test_Class" name="VerifytheHomePage" time="0.523">
    <failure type="org.openqa.selenium.ElementClickInterceptedException" message="Element &amp;lt;img class=&amp;quot;img-responsive centerHV d_bw_img&amp;quot; src=&amp;quot;https://d3o40wwl2vh905.cloudfront.net/images/brands-alfa-romeo-new-bw.png&amp;quot;&amp;gt; is not clickable at point (269,528) because another element &amp;lt;p&amp;gt; obscures it
Build info: version: &amp;apos;4.47.0&amp;apos;, revision: &amp;apos;9175ed9 9175ed94d83e87cc3abeb7c9fd91367d17849d35&amp;apos;
System info: os.name: &amp;apos;Windows 11&amp;apos;, os.arch: &amp;apos;amd64&amp;apos;, os.version: &amp;apos;10.0&amp;apos;, java.version: &amp;apos;25.0.2&amp;apos;
Driver info: org.openqa.selenium.firefox.FirefoxDriver
Command: [1170528f-a789-45f9-bd70-c05d0435be87, clickElement {id=3a81354a-78ab-4d43-888a-a04149712bc9}]
Capabilities {acceptInsecureCerts: true, browserName: firefox, browserVersion: 155.0.1, moz:accessibilityChecks: false, moz:buildID: 20260903215306, moz:geckodriverVersion: 0.37.1, moz:headless: false, moz:platformVersion: 10.0, moz:processID: 6104, moz:profile: C:\Users\AKASHK~1\AppData\L..., moz:shutdownTimeout: 60000, moz:webdriverClick: true, moz:windowless: false, pageLoadStrategy: normal, platformName: windows, proxy: Proxy(), setWindowRect: true, strictFileInteractability: false, timeouts: {implicit: 0, pageLoad: 300000, script: 30000}, unhandledPromptBehavior: dismiss and notify, userAgent: Mozilla/5.0 (Windows NT 10....}
Element: [[FirefoxDriver: firefox on windows (1170528f-a789-45f9-bd70-c05d0435be87)] -&amp;gt; xpath: (//img[@title=&amp;apos;Alfa Romeo&amp;apos;])[3]]
Session ID: 1170528f-a789-45f9-bd70-c05d0435be87">
      <![CDATA[org.openqa.selenium.ElementClickInterceptedException: Element <img class="img-responsive centerHV d_bw_img" src="https://d3o40wwl2vh905.cloudfront.net/images/brands-alfa-romeo-new-bw.png"> is not clickable at point (269,528) because another element <p> obscures it
Build info: version: '4.47.0', revision: '9175ed9 9175ed94d83e87cc3abeb7c9fd91367d17849d35'
System info: os.name: 'Windows 11', os.arch: 'amd64', os.version: '10.0', java.version: '25.0.2'
Driver info: org.openqa.selenium.firefox.FirefoxDriver
Command: [1170528f-a789-45f9-bd70-c05d0435be87, clickElement {id=3a81354a-78ab-4d43-888a-a04149712bc9}]
Capabilities {acceptInsecureCerts: true, browserName: firefox, browserVersion: 155.0.1, moz:accessibilityChecks: false, moz:buildID: 20260903215306, moz:geckodriverVersion: 0.37.1, moz:headless: false, moz:platformVersion: 10.0, moz:processID: 6104, moz:profile: C:\Users\AKASHK~1\AppData\L..., moz:shutdownTimeout: 60000, moz:webdriverClick: true, moz:windowless: false, pageLoadStrategy: normal, platformName: windows, proxy: Proxy(), setWindowRect: true, strictFileInteractability: false, timeouts: {implicit: 0, pageLoad: 300000, script: 30000}, unhandledPromptBehavior: dismiss and notify, userAgent: Mozilla/5.0 (Windows NT 10....}
Element: [[FirefoxDriver: firefox on windows (1170528f-a789-45f9-bd70-c05d0435be87)] -> xpath: (//img[@title='Alfa Romeo'])[3]]
Session ID: 1170528f-a789-45f9-bd70-c05d0435be87
at org.openqa.selenium.remote.ErrorCodec.decode(ErrorCodec.java:169)
at org.openqa.selenium.remote.codec.w3c.W3CHttpResponseCodec.decode(W3CHttpResponseCodec.java:143)
at org.openqa.selenium.remote.codec.w3c.W3CHttpResponseCodec.decode(W3CHttpResponseCodec.java:50)
at org.openqa.selenium.remote.HttpCommandExecutor.execute(HttpCommandExecutor.java:196)
at org.openqa.selenium.remote.service.DriverCommandExecutor.invokeExecute(DriverCommandExecutor.java:217)
at org.openqa.selenium.remote.service.DriverCommandExecutor.execute(DriverCommandExecutor.java:175)
at org.openqa.selenium.remote.RemoteWebDriver.execute(RemoteWebDriver.java:653)
at org.openqa.selenium.remote.RemoteWebElement.execute(RemoteWebElement.java:225)
at org.openqa.selenium.remote.RemoteWebElement.click(RemoteWebElement.java:79)
at org.openqa.selenium.support.pagefactory.internal.LocatingElementHandler.invoke(LocatingElementHandler.java:51)
at jdk.proxy2/jdk.proxy2.$Proxy31.click(Unknown Source)
at Module_1_CPOV.FCA_Home_Page.ClickOnBrandLogos(FCA_Home_Page.java:54)
at Module_1_CPOV_Test_Classes.FCA_Test_Class.VerifytheHomePage(FCA_Test_Class.java:21)
at java.base/java.util.ArrayList.forEach(ArrayList.java:1604)
at java.base/java.util.concurrent.FutureTask.run(FutureTask.java:328)
at java.base/java.util.concurrent.ThreadPoolExecutor.runWorker(ThreadPoolExecutor.java:1090)
at java.base/java.util.concurrent.ThreadPoolExecutor$Worker.run(ThreadPoolExecutor.java:614)
at java.base/java.lang.Thread.run(Thread.java:1474)
... Removed 17 stack frames]]>
    </failure>
  </testcase> <!-- VerifytheHomePage -->
  <testcase classname="Module_1_CPOV_Test_Classes.FCA_Test_Class" name="VerifytheSNIPage" time="0.043">
    <failure type="org.openqa.selenium.ElementNotInteractableException" message="Element &amp;lt;button id=&amp;quot;onetrust-accept-btn-handler&amp;quot;&amp;gt; could not be scrolled into view
Build info: version: &amp;apos;4.47.0&amp;apos;, revision: &amp;apos;9175ed9 9175ed94d83e87cc3abeb7c9fd91367d17849d35&amp;apos;
System info: os.name: &amp;apos;Windows 11&amp;apos;, os.arch: &amp;apos;amd64&amp;apos;, os.version: &amp;apos;10.0&amp;apos;, java.version: &amp;apos;25.0.2&amp;apos;
Driver info: org.openqa.selenium.firefox.FirefoxDriver
Command: [1170528f-a789-45f9-bd70-c05d0435be87, clickElement {id=8400b7e7-77fb-41e5-862b-16909a935228}]
Capabilities {acceptInsecureCerts: true, browserName: firefox, browserVersion: 155.0.1, moz:accessibilityChecks: false, moz:buildID: 20260903215306, moz:geckodriverVersion: 0.37.1, moz:headless: false, moz:platformVersion: 10.0, moz:processID: 6104, moz:profile: C:\Users\AKASHK~1\AppData\L..., moz:shutdownTimeout: 60000, moz:webdriverClick: true, moz:windowless: false, pageLoadStrategy: normal, platformName: windows, proxy: Proxy(), setWindowRect: true, strictFileInteractability: false, timeouts: {implicit: 0, pageLoad: 300000, script: 30000}, unhandledPromptBehavior: dismiss and notify, userAgent: Mozilla/5.0 (Windows NT 10....}
Element: [[FirefoxDriver: firefox on windows (1170528f-a789-45f9-bd70-c05d0435be87)] -&amp;gt; xpath: //button[@id=&amp;apos;onetrust-accept-btn-handler&amp;apos;]]
Session ID: 1170528f-a789-45f9-bd70-c05d0435be87">
      <![CDATA[org.openqa.selenium.ElementNotInteractableException: Element <button id="onetrust-accept-btn-handler"> could not be scrolled into view
Build info: version: '4.47.0', revision: '9175ed9 9175ed94d83e87cc3abeb7c9fd91367d17849d35'
System info: os.name: 'Windows 11', os.arch: 'amd64', os.version: '10.0', java.version: '25.0.2'
Driver info: org.openqa.selenium.firefox.FirefoxDriver
Command: [1170528f-a789-45f9-bd70-c05d0435be87, clickElement {id=8400b7e7-77fb-41e5-862b-16909a935228}]
Capabilities {acceptInsecureCerts: true, browserName: firefox, browserVersion: 155.0.1, moz:accessibilityChecks: false, moz:buildID: 20260903215306, moz:geckodriverVersion: 0.37.1, moz:headless: false, moz:platformVersion: 10.0, moz:processID: 6104, moz:profile: C:\Users\AKASHK~1\AppData\L..., moz:shutdownTimeout: 60000, moz:webdriverClick: true, moz:windowless: false, pageLoadStrategy: normal, platformName: windows, proxy: Proxy(), setWindowRect: true, strictFileInteractability: false, timeouts: {implicit: 0, pageLoad: 300000, script: 30000}, unhandledPromptBehavior: dismiss and notify, userAgent: Mozilla/5.0 (Windows NT 10....}
Element: [[FirefoxDriver: firefox on windows (1170528f-a789-45f9-bd70-c05d0435be87)] -> xpath: //button[@id='onetrust-accept-btn-handler']]
Session ID: 1170528f-a789-45f9-bd70-c05d0435be87
at org.openqa.selenium.remote.ErrorCodec.decode(ErrorCodec.java:169)
at org.openqa.selenium.remote.codec.w3c.W3CHttpResponseCodec.decode(W3CHttpResponseCodec.java:143)
at org.openqa.selenium.remote.codec.w3c.W3CHttpResponseCodec.decode(W3CHttpResponseCodec.java:50)
at org.openqa.selenium.remote.HttpCommandExecutor.execute(HttpCommandExecutor.java:196)
at org.openqa.selenium.remote.service.DriverCommandExecutor.invokeExecute(DriverCommandExecutor.java:217)
at org.openqa.selenium.remote.service.DriverCommandExecutor.execute(DriverCommandExecutor.java:175)
at org.openqa.selenium.remote.RemoteWebDriver.execute(RemoteWebDriver.java:653)
at org.openqa.selenium.remote.RemoteWebElement.execute(RemoteWebElement.java:225)
at org.openqa.selenium.remote.RemoteWebElement.click(RemoteWebElement.java:79)
at org.openqa.selenium.support.pagefactory.internal.LocatingElementHandler.invoke(LocatingElementHandler.java:51)
at jdk.proxy2/jdk.proxy2.$Proxy31.click(Unknown Source)
at Module_1_CPOV.FCA_SNI_Page.AcceptTheCookie(FCA_SNI_Page.java:89)
at Module_1_CPOV_Test_Classes.FCA_Test_Class.VerifytheSNIPage(FCA_Test_Class.java:31)
at java.base/java.util.ArrayList.forEach(ArrayList.java:1604)
at java.base/java.util.concurrent.FutureTask.run(FutureTask.java:328)
at java.base/java.util.concurrent.ThreadPoolExecutor.runWorker(ThreadPoolExecutor.java:1090)
at java.base/java.util.concurrent.ThreadPoolExecutor$Worker.run(ThreadPoolExecutor.java:614)
at java.base/java.lang.Thread.run(Thread.java:1474)
... Removed 17 stack frames]]>
    </failure>
  </testcase> <!-- VerifytheSNIPage -->
  <testcase classname="Module_1_CPOV_Test_Classes.FCA_Test_Class" name="verfiytheVDP" time="12.021">
    <failure type="org.openqa.selenium.NoSuchElementException" message="Unable to locate element: //button[text()=&amp;apos;close&amp;apos;]
For documentation on this error, please visit: https://www.selenium.dev/documentation/webdriver/troubleshooting/errors#nosuchelementexception
Build info: version: &amp;apos;4.47.0&amp;apos;, revision: &amp;apos;9175ed9 9175ed94d83e87cc3abeb7c9fd91367d17849d35&amp;apos;
System info: os.name: &amp;apos;Windows 11&amp;apos;, os.arch: &amp;apos;amd64&amp;apos;, os.version: &amp;apos;10.0&amp;apos;, java.version: &amp;apos;25.0.2&amp;apos;
Driver info: org.openqa.selenium.firefox.FirefoxDriver
Command: [1170528f-a789-45f9-bd70-c05d0435be87, findElement {value=//button[text()=&amp;apos;close&amp;apos;], using=xpath}]
Capabilities {acceptInsecureCerts: true, browserName: firefox, browserVersion: 155.0.1, moz:accessibilityChecks: false, moz:buildID: 20260903215306, moz:geckodriverVersion: 0.37.1, moz:headless: false, moz:platformVersion: 10.0, moz:processID: 6104, moz:profile: C:\Users\AKASHK~1\AppData\L..., moz:shutdownTimeout: 60000, moz:webdriverClick: true, moz:windowless: false, pageLoadStrategy: normal, platformName: windows, proxy: Proxy(), setWindowRect: true, strictFileInteractability: false, timeouts: {implicit: 0, pageLoad: 300000, script: 30000}, unhandledPromptBehavior: dismiss and notify, userAgent: Mozilla/5.0 (Windows NT 10....}
Session ID: 1170528f-a789-45f9-bd70-c05d0435be87">
      <![CDATA[org.openqa.selenium.NoSuchElementException: Unable to locate element: //button[text()='close']
For documentation on this error, please visit: https://www.selenium.dev/documentation/webdriver/troubleshooting/errors#nosuchelementexception
Build info: version: '4.47.0', revision: '9175ed9 9175ed94d83e87cc3abeb7c9fd91367d17849d35'
System info: os.name: 'Windows 11', os.arch: 'amd64', os.version: '10.0', java.version: '25.0.2'
Driver info: org.openqa.selenium.firefox.FirefoxDriver
Command: [1170528f-a789-45f9-bd70-c05d0435be87, findElement {value=//button[text()='close'], using=xpath}]
Capabilities {acceptInsecureCerts: true, browserName: firefox, browserVersion: 155.0.1, moz:accessibilityChecks: false, moz:buildID: 20260903215306, moz:geckodriverVersion: 0.37.1, moz:headless: false, moz:platformVersion: 10.0, moz:processID: 6104, moz:profile: C:\Users\AKASHK~1\AppData\L..., moz:shutdownTimeout: 60000, moz:webdriverClick: true, moz:windowless: false, pageLoadStrategy: normal, platformName: windows, proxy: Proxy(), setWindowRect: true, strictFileInteractability: false, timeouts: {implicit: 0, pageLoad: 300000, script: 30000}, unhandledPromptBehavior: dismiss and notify, userAgent: Mozilla/5.0 (Windows NT 10....}
Session ID: 1170528f-a789-45f9-bd70-c05d0435be87
at org.openqa.selenium.remote.ErrorCodec.decode(ErrorCodec.java:169)
at org.openqa.selenium.remote.codec.w3c.W3CHttpResponseCodec.decode(W3CHttpResponseCodec.java:143)
at org.openqa.selenium.remote.codec.w3c.W3CHttpResponseCodec.decode(W3CHttpResponseCodec.java:50)
at org.openqa.selenium.remote.HttpCommandExecutor.execute(HttpCommandExecutor.java:196)
at org.openqa.selenium.remote.service.DriverCommandExecutor.invokeExecute(DriverCommandExecutor.java:217)
at org.openqa.selenium.remote.service.DriverCommandExecutor.execute(DriverCommandExecutor.java:175)
at org.openqa.selenium.remote.RemoteWebDriver.execute(RemoteWebDriver.java:653)
at org.openqa.selenium.remote.ElementLocation$ElementFinder$2.findElement(ElementLocation.java:173)
at org.openqa.selenium.remote.ElementLocation.findElement(ElementLocation.java:60)
at org.openqa.selenium.remote.RemoteWebDriver.findElement(RemoteWebDriver.java:417)
at org.openqa.selenium.remote.RemoteWebDriver.findElement(RemoteWebDriver.java:411)
at org.openqa.selenium.support.pagefactory.DefaultElementLocator.findElement(DefaultElementLocator.java:69)
at org.openqa.selenium.support.pagefactory.internal.LocatingElementHandler.invoke(LocatingElementHandler.java:38)
at jdk.proxy2/jdk.proxy2.$Proxy31.click(Unknown Source)
at Module_1_CPOV.FCA_VDP_Page.ClickOnInitialPopUp(FCA_VDP_Page.java:40)
at Module_1_CPOV_Test_Classes.FCA_Test_Class.verfiytheVDP(FCA_Test_Class.java:69)
at java.base/java.util.ArrayList.forEach(ArrayList.java:1604)
at java.base/java.util.concurrent.FutureTask.run(FutureTask.java:328)
at java.base/java.util.concurrent.ThreadPoolExecutor.runWorker(ThreadPoolExecutor.java:1090)
at java.base/java.util.concurrent.ThreadPoolExecutor$Worker.run(ThreadPoolExecutor.java:614)
at java.base/java.lang.Thread.run(Thread.java:1474)
... Removed 15 stack frames]]>
    </failure>
  </testcase> <!-- verfiytheVDP -->
</testsuite> <!-- Test_Firefox -->
