<?xml version="1.0" encoding="UTF-8"?>
<!-- Generated by org.testng.reporters.JUnitXMLReporter -->
<testsuite ignored="0" hostname="DESKTOP-743HSU8" failures="0" tests="3" name="Test_Chrome" time="44.709" errors="0" timestamp="2026-09-21T16:42:29 IST">
  <testcase classname="Module_1_CPOV_Test_Classes.FCA_Test_Class" name="VerifytheHomePage" time="5.985"/>
  <testcase classname="Module_1_CPOV_Test_Classes.FCA_Test_Class" name="VerifytheSNIPage" time="13.362"/>
  <testcase classname="Module_1_CPOV_Test_Classes.FCA_Test_Class" name="verfiytheVDP" time="19.517"/>
</testsuite> <!-- Test_Chrome -->
