<?xml version="1.0" encoding="UTF-8"?>
<testng-results ignored="0" total="3" passed="3" failed="0" skipped="0">
  <reporter-output>
  </reporter-output>
  <suite started-at="2026-09-24T16:51:37 IST" name="Suite" finished-at="2026-09-24T16:52:22 IST" duration-ms="44340">
    <groups>
    </groups>
    <test started-at="2026-09-24T16:51:37 IST" name="Test_Edge" finished-at="2026-09-24T16:52:22 IST" duration-ms="44340">
      <class name="Module_1_CPOV_Test_Classes.FCA_Test_Class">
        <test-method is-config="true" signature="OpenBrowser(java.lang.String)[pri:0, instance:Module_1_CPOV_Test_Classes.FCA_Test_Class@3bb9a3ff]" started-at="2026-09-24T16:51:38 IST" name="OpenBrowser" finished-at="2026-09-24T16:51:42 IST" duration-ms="4772" status="PASS">
          <params>
            <param index="0">
              <value>
                <![CDATA[Edge]]>
              </value>
            </param>
          </params>
          <reporter-output>
          </reporter-output>
        </test-method> <!-- OpenBrowser -->
        <test-method signature="VerifytheHomePage()[pri:1, instance:Module_1_CPOV_Test_Classes.FCA_Test_Class@3bb9a3ff]" started-at="2026-09-24T16:51:42 IST" name="VerifytheHomePage" finished-at="2026-09-24T16:51:49 IST" duration-ms="6338" status="PASS">
          <reporter-output>
          </reporter-output>
        </test-method> <!-- VerifytheHomePage -->
        <test-method signature="VerifytheSNIPage()[pri:2, instance:Module_1_CPOV_Test_Classes.FCA_Test_Class@3bb9a3ff]" started-at="2026-09-24T16:51:49 IST" name="VerifytheSNIPage" finished-at="2026-09-24T16:52:01 IST" duration-ms="12073" status="PASS">
          <reporter-output>
          </reporter-output>
        </test-method> <!-- VerifytheSNIPage -->
        <test-method signature="verfiytheVDP()[pri:3, instance:Module_1_CPOV_Test_Classes.FCA_Test_Class@3bb9a3ff]" started-at="2026-09-24T16:52:01 IST" name="verfiytheVDP" finished-at="2026-09-24T16:52:21 IST" duration-ms="20487" status="PASS">
          <reporter-output>
          </reporter-output>
        </test-method> <!-- verfiytheVDP -->
        <test-method is-config="true" signature="CloseBrowser()[pri:0, instance:Module_1_CPOV_Test_Classes.FCA_Test_Class@3bb9a3ff]" started-at="2026-09-24T16:52:21 IST" name="CloseBrowser" finished-at="2026-09-24T16:52:22 IST" duration-ms="437" status="PASS">
          <reporter-output>
          </reporter-output>
        </test-method> <!-- CloseBrowser -->
      </class> <!-- Module_1_CPOV_Test_Classes.FCA_Test_Class -->
    </test> <!-- Test_Edge -->
  </suite> <!-- Suite -->
</testng-results>
