<?xml version="1.0" encoding="UTF-8"?>
<testng-results ignored="0" total="6" passed="6" failed="0" skipped="0">
  <reporter-output>
  </reporter-output>
  <suite started-at="2026-09-23T16:40:56 IST" name="Suite" finished-at="2026-09-23T16:41:46 IST" duration-ms="50626">
    <groups>
    </groups>
    <test started-at="2026-09-23T16:40:56 IST" name="Test_Chrome" finished-at="2026-09-23T16:41:42 IST" duration-ms="45992">
      <class name="Module_1_CPOV_Test_Classes.FCA_Test_Class">
        <test-method is-config="true" signature="OpenBrowser(java.lang.String)[pri:0, instance:Module_1_CPOV_Test_Classes.FCA_Test_Class@3bb9a3ff]" started-at="2026-09-23T16:40:56 IST" name="OpenBrowser" finished-at="2026-09-23T16:41:01 IST" duration-ms="5716" status="PASS">
          <params>
            <param index="0">
              <value>
                <![CDATA[Chrome]]>
              </value>
            </param>
          </params>
          <reporter-output>
          </reporter-output>
        </test-method> <!-- OpenBrowser -->
        <test-method signature="VerifytheHomePage()[pri:1, instance:Module_1_CPOV_Test_Classes.FCA_Test_Class@3bb9a3ff]" started-at="2026-09-23T16:41:01 IST" name="VerifytheHomePage" finished-at="2026-09-23T16:41:09 IST" duration-ms="7015" status="PASS">
          <reporter-output>
          </reporter-output>
        </test-method> <!-- VerifytheHomePage -->
        <test-method signature="VerifytheSNIPage()[pri:2, instance:Module_1_CPOV_Test_Classes.FCA_Test_Class@3bb9a3ff]" started-at="2026-09-23T16:41:09 IST" name="VerifytheSNIPage" finished-at="2026-09-23T16:41:21 IST" duration-ms="12961" status="PASS">
          <reporter-output>
          </reporter-output>
        </test-method> <!-- VerifytheSNIPage -->
        <test-method signature="verfiytheVDP()[pri:3, instance:Module_1_CPOV_Test_Classes.FCA_Test_Class@3bb9a3ff]" started-at="2026-09-23T16:41:21 IST" name="verfiytheVDP" finished-at="2026-09-23T16:41:41 IST" duration-ms="19681" status="PASS">
          <reporter-output>
          </reporter-output>
        </test-method> <!-- verfiytheVDP -->
        <test-method is-config="true" signature="CloseBrowser()[pri:0, instance:Module_1_CPOV_Test_Classes.FCA_Test_Class@3bb9a3ff]" started-at="2026-09-23T16:41:41 IST" name="CloseBrowser" finished-at="2026-09-23T16:41:42 IST" duration-ms="348" status="PASS">
          <reporter-output>
          </reporter-output>
        </test-method> <!-- CloseBrowser -->
      </class> <!-- Module_1_CPOV_Test_Classes.FCA_Test_Class -->
    </test> <!-- Test_Chrome -->
    <test started-at="2026-09-23T16:40:56 IST" name="Test_Edge" finished-at="2026-09-23T16:41:46 IST" duration-ms="50626">
      <class name="Module_1_CPOV_Test_Classes.FCA_Test_Class">
        <test-method is-config="true" signature="OpenBrowser(java.lang.String)[pri:0, instance:Module_1_CPOV_Test_Classes.FCA_Test_Class@9597028]" started-at="2026-09-23T16:40:56 IST" name="OpenBrowser" finished-at="2026-09-23T16:41:02 IST" duration-ms="6243" status="PASS">
          <params>
            <param index="0">
              <value>
                <![CDATA[Edge]]>
              </value>
            </param>
          </params>
          <reporter-output>
          </reporter-output>
        </test-method> <!-- OpenBrowser -->
        <test-method signature="VerifytheHomePage()[pri:1, instance:Module_1_CPOV_Test_Classes.FCA_Test_Class@9597028]" started-at="2026-09-23T16:41:02 IST" name="VerifytheHomePage" finished-at="2026-09-23T16:41:09 IST" duration-ms="6662" status="PASS">
          <reporter-output>
          </reporter-output>
        </test-method> <!-- VerifytheHomePage -->
        <test-method signature="VerifytheSNIPage()[pri:2, instance:Module_1_CPOV_Test_Classes.FCA_Test_Class@9597028]" started-at="2026-09-23T16:41:09 IST" name="VerifytheSNIPage" finished-at="2026-09-23T16:41:22 IST" duration-ms="13048" status="PASS">
          <reporter-output>
          </reporter-output>
        </test-method> <!-- VerifytheSNIPage -->
        <test-method signature="verfiytheVDP()[pri:3, instance:Module_1_CPOV_Test_Classes.FCA_Test_Class@9597028]" started-at="2026-09-23T16:41:22 IST" name="verfiytheVDP" finished-at="2026-09-23T16:41:46 IST" duration-ms="24020" status="PASS">
          <reporter-output>
          </reporter-output>
        </test-method> <!-- verfiytheVDP -->
        <test-method is-config="true" signature="CloseBrowser()[pri:0, instance:Module_1_CPOV_Test_Classes.FCA_Test_Class@9597028]" started-at="2026-09-23T16:41:46 IST" name="CloseBrowser" finished-at="2026-09-23T16:41:46 IST" duration-ms="427" status="PASS">
          <reporter-output>
          </reporter-output>
        </test-method> <!-- CloseBrowser -->
      </class> <!-- Module_1_CPOV_Test_Classes.FCA_Test_Class -->
    </test> <!-- Test_Edge -->
  </suite> <!-- Suite -->
</testng-results>
