<?xml version="1.0" encoding="UTF-8"?>
<!-- Generated by org.testng.reporters.JUnitReportReporter -->
<testsuite hostname="DESKTOP-743HSU8" failures="0" tests="3" name="Module_1_CPOV_Test_Classes.FCA_Test_Class" time="38.898" errors="0" timestamp="2026-09-24T16:52:37 IST" skipped="0">
  <testcase classname="Module_1_CPOV_Test_Classes.FCA_Test_Class" name="VerifytheHomePage" time="6.338"/>
  <testcase classname="Module_1_CPOV_Test_Classes.FCA_Test_Class" name="VerifytheSNIPage" time="12.073"/>
  <testcase classname="Module_1_CPOV_Test_Classes.FCA_Test_Class" name="verfiytheVDP" time="20.487"/>
</testsuite> <!-- Module_1_CPOV_Test_Classes.FCA_Test_Class -->
